{"C:\\Users\\shrut\\OneDrive\\Desktop\\PW\\12-Backend\\2-Express\\ImageGram\\src\\config\\cloudinaryConfig.js": {"path":"C:\\Users\\shrut\\OneDrive\\Desktop\\PW\\12-Backend\\2-Express\\ImageGram\\src\\config\\cloudinaryConfig.js","statementMap":{"0":{"start":{"line":7,"column":25},"end":{"line":12,"column":4}},"1":{"start":{"line":8,"column":2},"end":{"line":12,"column":4}},"2":{"start":{"line":14,"column":0},"end":{"line":14,"column":19}}},"fnMap":{"0":{"name":"(anonymous_0)","decl":{"start":{"line":7,"column":25},"end":{"line":7,"column":26}},"loc":{"start":{"line":8,"column":2},"end":{"line":12,"column":4}},"line":8}},"branchMap":{},"s":{"0":1,"1":1,"2":1},"f":{"0":1},"b":{},"_coverageSchema":"1a1c01bbd47fc00a2c39e90264f33305004495a9","hash":"e6ab4e300871db6ed4a6cfec6fd11a0345abd5a1"}
,"C:\\Users\\shrut\\OneDrive\\Desktop\\PW\\12-Backend\\2-Express\\ImageGram\\src\\config\\serverConfig.js": {"path":"C:\\Users\\shrut\\OneDrive\\Desktop\\PW\\12-Backend\\2-Express\\ImageGram\\src\\config\\serverConfig.js","statementMap":{"0":{"start":{"line":4,"column":0},"end":{"line":4,"column":16}},"1":{"start":{"line":6,"column":22},"end":{"line":6,"column":40}},"2":{"start":{"line":8,"column":37},"end":{"line":8,"column":70}},"3":{"start":{"line":10,"column":34},"end":{"line":10,"column":64}},"4":{"start":{"line":12,"column":37},"end":{"line":12,"column":70}},"5":{"start":{"line":14,"column":26},"end":{"line":14,"column":48}}},"fnMap":{},"branchMap":{},"s":{"0":1,"1":1,"2":1,"3":1,"4":1,"5":1},"f":{},"b":{},"_coverageSchema":"1a1c01bbd47fc00a2c39e90264f33305004495a9","hash":"29ee2c43183ca70a7fa78142d420ce70cc241f77"}
,"C:\\Users\\shrut\\OneDrive\\Desktop\\PW\\12-Backend\\2-Express\\ImageGram\\src\\controllers\\postController.js": {"path":"C:\\Users\\shrut\\OneDrive\\Desktop\\PW\\12-Backend\\2-Express\\ImageGram\\src\\controllers\\postController.js","statementMap":{"0":{"start":{"line":13,"column":21},"end":{"line":13,"column":29}},"1":{"start":{"line":16,"column":2},"end":{"line":21,"column":3}},"2":{"start":{"line":17,"column":4},"end":{"line":20,"column":7}},"3":{"start":{"line":22,"column":15},"end":{"line":22,"column":49}},"4":{"start":{"line":23,"column":2},"end":{"line":44,"column":3}},"5":{"start":{"line":24,"column":20},"end":{"line":24,"column":52}},"6":{"start":{"line":25,"column":19},"end":{"line":25,"column":49}},"7":{"start":{"line":27,"column":17},"end":{"line":32,"column":6}},"8":{"start":{"line":33,"column":4},"end":{"line":33,"column":45}},"9":{"start":{"line":35,"column":4},"end":{"line":40,"column":7}},"10":{"start":{"line":42,"column":4},"end":{"line":42,"column":25}},"11":{"start":{"line":43,"column":4},"end":{"line":43,"column":76}},"12":{"start":{"line":49,"column":2},"end":{"line":64,"column":3}},"13":{"start":{"line":50,"column":18},"end":{"line":50,"column":39}},"14":{"start":{"line":51,"column":19},"end":{"line":51,"column":40}},"15":{"start":{"line":52,"column":27},"end":{"line":52,"column":66}},"16":{"start":{"line":54,"column":4},"end":{"line":58,"column":7}},"17":{"start":{"line":60,"column":4},"end":{"line":63,"column":7}},"18":{"start":{"line":68,"column":2},"end":{"line":99,"column":3}},"19":{"start":{"line":75,"column":21},"end":{"line":75,"column":72}},"20":{"start":{"line":77,"column":4},"end":{"line":82,"column":5}},"21":{"start":{"line":78,"column":6},"end":{"line":81,"column":9}},"22":{"start":{"line":83,"column":4},"end":{"line":87,"column":7}},"23":{"start":{"line":89,"column":4},"end":{"line":94,"column":5}},"24":{"start":{"line":90,"column":6},"end":{"line":93,"column":9}},"25":{"start":{"line":95,"column":4},"end":{"line":98,"column":7}},"26":{"start":{"line":103,"column":2},"end":{"line":129,"column":3}},"27":{"start":{"line":104,"column":17},"end":{"line":104,"column":57}},"28":{"start":{"line":106,"column":19},"end":{"line":106,"column":61}},"29":{"start":{"line":107,"column":4},"end":{"line":107,"column":44}},"30":{"start":{"line":109,"column":25},"end":{"line":109,"column":33}},"31":{"start":{"line":110,"column":4},"end":{"line":117,"column":5}},"32":{"start":{"line":111,"column":19},"end":{"line":111,"column":53}},"33":{"start":{"line":112,"column":22},"end":{"line":112,"column":54}},"34":{"start":{"line":113,"column":21},"end":{"line":113,"column":51}},"35":{"start":{"line":115,"column":6},"end":{"line":115,"column":45}},"36":{"start":{"line":116,"column":6},"end":{"line":116,"column":52}},"37":{"start":{"line":118,"column":21},"end":{"line":118,"column":73}},"38":{"start":{"line":119,"column":4},"end":{"line":123,"column":7}},"39":{"start":{"line":125,"column":4},"end":{"line":128,"column":7}}},"fnMap":{"0":{"name":"createPost","decl":{"start":{"line":10,"column":22},"end":{"line":10,"column":32}},"loc":{"start":{"line":10,"column":43},"end":{"line":46,"column":1}},"line":10},"1":{"name":"getAllPosts","decl":{"start":{"line":48,"column":22},"end":{"line":48,"column":33}},"loc":{"start":{"line":48,"column":44},"end":{"line":65,"column":1}},"line":48},"2":{"name":"deletePost","decl":{"start":{"line":67,"column":22},"end":{"line":67,"column":32}},"loc":{"start":{"line":67,"column":43},"end":{"line":100,"column":1}},"line":67},"3":{"name":"updatePost","decl":{"start":{"line":102,"column":22},"end":{"line":102,"column":32}},"loc":{"start":{"line":102,"column":43},"end":{"line":130,"column":1}},"line":102}},"branchMap":{"0":{"loc":{"start":{"line":16,"column":2},"end":{"line":21,"column":3}},"type":"if","locations":[{"start":{"line":16,"column":2},"end":{"line":21,"column":3}},{"start":{},"end":{}}],"line":16},"1":{"loc":{"start":{"line":50,"column":18},"end":{"line":50,"column":39}},"type":"binary-expr","locations":[{"start":{"line":50,"column":18},"end":{"line":50,"column":33}},{"start":{"line":50,"column":37},"end":{"line":50,"column":39}}],"line":50},"2":{"loc":{"start":{"line":51,"column":19},"end":{"line":51,"column":40}},"type":"binary-expr","locations":[{"start":{"line":51,"column":19},"end":{"line":51,"column":35}},{"start":{"line":51,"column":39},"end":{"line":51,"column":40}}],"line":51},"3":{"loc":{"start":{"line":77,"column":4},"end":{"line":82,"column":5}},"type":"if","locations":[{"start":{"line":77,"column":4},"end":{"line":82,"column":5}},{"start":{},"end":{}}],"line":77},"4":{"loc":{"start":{"line":89,"column":4},"end":{"line":94,"column":5}},"type":"if","locations":[{"start":{"line":89,"column":4},"end":{"line":94,"column":5}},{"start":{},"end":{}}],"line":89},"5":{"loc":{"start":{"line":110,"column":4},"end":{"line":117,"column":5}},"type":"if","locations":[{"start":{"line":110,"column":4},"end":{"line":117,"column":5}},{"start":{},"end":{}}],"line":110}},"s":{"0":0,"1":0,"2":0,"3":0,"4":0,"5":0,"6":0,"7":0,"8":0,"9":0,"10":0,"11":0,"12":2,"13":2,"14":2,"15":2,"16":1,"17":1,"18":4,"19":4,"20":2,"21":1,"22":1,"23":2,"24":1,"25":1,"26":0,"27":0,"28":0,"29":0,"30":0,"31":0,"32":0,"33":0,"34":0,"35":0,"36":0,"37":0,"38":0,"39":0},"f":{"0":0,"1":2,"2":4,"3":0},"b":{"0":[0,0],"1":[2,2],"2":[2,2],"3":[1,1],"4":[1,1],"5":[0,0]},"_coverageSchema":"1a1c01bbd47fc00a2c39e90264f33305004495a9","hash":"06430372c9c3053af45fff7ad664c9658fc4ce65"}
,"C:\\Users\\shrut\\OneDrive\\Desktop\\PW\\12-Backend\\2-Express\\ImageGram\\test\\mocker.js": {"path":"C:\\Users\\shrut\\OneDrive\\Desktop\\PW\\12-Backend\\2-Express\\ImageGram\\test\\mocker.js","statementMap":{"0":{"start":{"line":1,"column":27},"end":{"line":7,"column":1}},"1":{"start":{"line":2,"column":28},"end":{"line":2,"column":30}},"2":{"start":{"line":3,"column":2},"end":{"line":3,"column":73}},"3":{"start":{"line":4,"column":2},"end":{"line":4,"column":74}},"4":{"start":{"line":5,"column":2},"end":{"line":5,"column":72}},"5":{"start":{"line":6,"column":2},"end":{"line":6,"column":27}},"6":{"start":{"line":9,"column":28},"end":{"line":15,"column":1}},"7":{"start":{"line":10,"column":19},"end":{"line":10,"column":21}},"8":{"start":{"line":11,"column":2},"end":{"line":11,"column":56}},"9":{"start":{"line":12,"column":2},"end":{"line":12,"column":54}},"10":{"start":{"line":13,"column":2},"end":{"line":13,"column":54}},"11":{"start":{"line":14,"column":2},"end":{"line":14,"column":18}}},"fnMap":{"0":{"name":"(anonymous_0)","decl":{"start":{"line":1,"column":27},"end":{"line":1,"column":28}},"loc":{"start":{"line":1,"column":33},"end":{"line":7,"column":1}},"line":1},"1":{"name":"(anonymous_1)","decl":{"start":{"line":9,"column":28},"end":{"line":9,"column":29}},"loc":{"start":{"line":9,"column":34},"end":{"line":15,"column":1}},"line":9}},"branchMap":{},"s":{"0":1,"1":6,"2":6,"3":6,"4":6,"5":6,"6":1,"7":6,"8":6,"9":6,"10":6,"11":6},"f":{"0":6,"1":6},"b":{},"_coverageSchema":"1a1c01bbd47fc00a2c39e90264f33305004495a9","hash":"4373137e2fd0ec9242a7ed2599a6b2c1b51734de"}
}
