TN:
SF:src\config\cloudinaryConfig.js
FN:7,(anonymous_0)
FNF:1
FNH:1
FNDA:1,(anonymous_0)
DA:7,1
DA:8,1
DA:14,1
LF:3
LH:3
BRF:0
BRH:0
end_of_record
TN:
SF:src\config\serverConfig.js
FNF:0
FNH:0
DA:4,1
DA:6,1
DA:8,1
DA:10,1
DA:12,1
DA:14,1
LF:6
LH:6
BRF:0
BRH:0
end_of_record
TN:
SF:src\controllers\postController.js
FN:10,createPost
FN:48,getAllPosts
FN:67,deletePost
FN:102,updatePost
FNF:4
FNH:2
FNDA:0,createPost
FNDA:2,getAllPosts
FNDA:4,deletePost
FNDA:0,updatePost
DA:13,0
DA:16,0
DA:17,0
DA:22,0
DA:23,0
DA:24,0
DA:25,0
DA:27,0
DA:33,0
DA:35,0
DA:42,0
DA:43,0
DA:49,2
DA:50,2
DA:51,2
DA:52,2
DA:54,1
DA:60,1
DA:68,4
DA:75,4
DA:77,2
DA:78,1
DA:83,1
DA:89,2
DA:90,1
DA:95,1
DA:103,0
DA:104,0
DA:106,0
DA:107,0
DA:109,0
DA:110,0
DA:111,0
DA:112,0
DA:113,0
DA:115,0
DA:116,0
DA:118,0
DA:119,0
DA:125,0
LF:40
LH:14
BRDA:16,0,0,0
BRDA:16,0,1,0
BRDA:50,1,0,2
BRDA:50,1,1,2
BRDA:51,2,0,2
BRDA:51,2,1,2
BRDA:77,3,0,1
BRDA:77,3,1,1
BRDA:89,4,0,1
BRDA:89,4,1,1
BRDA:110,5,0,0
BRDA:110,5,1,0
BRF:12
BRH:8
end_of_record
TN:
SF:test\mocker.js
FN:1,(anonymous_0)
FN:9,(anonymous_1)
FNF:2
FNH:2
FNDA:6,(anonymous_0)
FNDA:6,(anonymous_1)
DA:1,1
DA:2,6
DA:3,6
DA:4,6
DA:5,6
DA:6,6
DA:9,1
DA:10,6
DA:11,6
DA:12,6
DA:13,6
DA:14,6
LF:12
LH:12
BRF:0
BRH:0
end_of_record
